<?xml version="1.0" encoding="UTF-8"?>
<!-- Generated by org.testng.reporters.JUnitReportReporter -->
<testsuite hostname="DESKTOP-1SMQ9T3" failures="0" tests="1" name="Script.LoginlogoutScript" time="49.275" errors="0" timestamp="24 Jun 2018 17:09:07 GMT" skipped="0">
  <testcase classname="Script.LoginlogoutScript" name="testcase6" time="49.275"/>
</testsuite> <!-- Script.LoginlogoutScript -->
