<?xml version="1.0" encoding="UTF-8"?>
<!-- Generated by org.testng.reporters.JUnitReportReporter -->
<testsuite hostname="DESKTOP-1SMQ9T3" failures="0" tests="1" name="Script.Sharewithinvalidemail" time="105.608" errors="0" timestamp="24 Jun 2018 17:09:07 GMT" skipped="0">
  <testcase classname="Script.Sharewithinvalidemail" name="testcase18" time="105.608"/>
</testsuite> <!-- Script.Sharewithinvalidemail -->
