<?xml version="1.0" encoding="UTF-8"?>
<!-- Generated by org.testng.reporters.JUnitReportReporter -->
<testsuite hostname="DESKTOP-1SMQ9T3" failures="0" tests="1" name="Script.Addtowishlist" time="110.114" errors="0" timestamp="24 Jun 2018 17:09:07 GMT" skipped="0">
  <testcase classname="Script.Addtowishlist" name="testcase3" time="110.114"/>
</testsuite> <!-- Script.Addtowishlist -->
